<?xml version="1.0" encoding="UTF-8"?>
<testsuites>
  <testsuite name="BackstopJS" tests="190" failures="0" errors="0" skipped="0">
    <testcase classname="document" name=" ›› about-modal"/>
    <testcase classname="body" name=" ›› about-modal-show-modal"/>
    <testcase classname="document" name=" ›› alerts"/>
    <testcase classname="document" name=" ›› application-launcher"/>
    <testcase classname="document" name=" ›› area-charts"/>
    <testcase classname="document" name=" ›› badges"/>
    <testcase classname="document" name=" ›› bar-charts"/>
    <testcase classname="document" name=" ›› basic"/>
    <testcase classname="document" name=" ›› blank-slate"/>
    <testcase classname="document" name=" ›› bootstrap-combobox"/>
    <testcase classname="document" name=" ›› bootstrap-datepicker"/>
    <testcase classname="#datepicker1-wrapper" name=" ›› bootstrap-datepicker-readonly-text-input"/>
    <testcase classname="#datepicker2-wrapper" name=" ›› bootstrap-datepicker-readonly-component"/>
    <testcase classname="#boostrap-datepicker-success-readonly-wrapper" name=" ›› bootstrap-datepicker-readonly-validation-success"/>
    <testcase classname="#boostrap-datepicker-warning-readonly-wrapper" name=" ›› bootstrap-datepicker-readonly-validation-warning"/>
    <testcase classname="#boostrap-datepicker-error-readonly-wrapper" name=" ›› bootstrap-datepicker-readonly-validation-error"/>
    <testcase classname="#bdp-text-input-wrapper" name=" ›› bootstrap-datepicker-text-input"/>
    <testcase classname="#bdp-component-wrapper" name=" ›› bootstrap-datepicker-component"/>
    <testcase classname="#boostrap-datepicker-success-wrapper" name=" ›› bootstrap-datepicker-validation-success"/>
    <testcase classname="#boostrap-datepicker-warning-wrapper" name=" ›› bootstrap-datepicker-validation-warning"/>
    <testcase classname="#boostrap-datepicker-error-wrapper" name=" ›› bootstrap-datepicker-validation-error"/>
    <testcase classname="document" name=" ›› bootstrap-select"/>
    <testcase classname="document" name=" ›› bootstrap-select-single-select"/>
    <testcase classname="document" name=" ›› bootstrap-select-option-groups"/>
    <testcase classname="document" name=" ›› bootstrap-select-multiple-select"/>
    <testcase classname="document" name=" ›› bootstrap-select-data-live-search"/>
    <testcase classname="document" name=" ›› bootstrap-select-icons"/>
    <testcase classname="document" name=" ›› bootstrap-select-with-help-text"/>
    <testcase classname="document" name=" ›› bootstrap-select-with-success-state"/>
    <testcase classname="document" name=" ›› bootstrap-select-with-warning-state"/>
    <testcase classname="document" name=" ›› bootstrap-select-with-error-state"/>
    <testcase classname="document" name=" ›› bootstrap-switch"/>
    <testcase classname="document" name=" ›› bootstrap-touchspin"/>
    <testcase classname="document" name=" ›› bootstrap-treeview"/>
    <testcase classname="document" name=" ›› breadcrumbs"/>
    <testcase classname="document" name=" ›› bullet-charts"/>
    <testcase classname="document" name=" ›› buttons"/>
    <testcase classname="#button-groups-nesting" name=" ›› buttons-groups-nesting"/>
    <testcase classname="#button-groups-vertical-variation" name=" ›› buttons-groups-vertical-variation"/>
    <testcase classname="#button-dropdowns-single-button" name=" ›› buttons-dropdowns-single-button"/>
    <testcase classname="#button-dropdowns-split-button" name=" ›› buttons-dropdowns-split-button"/>
    <testcase classname="#button-dropdowns-sizing" name=" ›› buttons-dropdowns-sizing"/>
    <testcase classname="#button-dropdowns-dropup-variation" name=" ›› buttons-dropdowns-dropup-variation"/>
    <testcase classname="document" name=" ›› card-view-card-variations"/>
    <testcase classname="document" name=" ›› card-view-multi-select"/>
    <testcase classname="document" name=" ›› card-view-single-select"/>
    <testcase classname="document" name=" ›› cards"/>
    <testcase classname="document" name=" ›› code"/>
    <testcase classname="document" name=" ›› dashboard"/>
    <testcase classname="document" name=" ›› date-and-time"/>
    <testcase classname="#date-picker-wrapper" name=" ›› date-and-time-date-picker"/>
    <testcase classname="#time-picker-wrapper" name=" ›› date-and-time-time-picker"/>
    <testcase classname="#date-time-picker-wrapper" name=" ›› date-and-time-date-time-picker"/>
    <testcase classname="#date-range-picker-wrapper" name=" ›› date-and-time-date-range-picker"/>
    <testcase classname="document" name=" ›› donut-charts"/>
    <testcase classname="document" name=" ›› dropdowns"/>
    <testcase classname="document" name=" ›› dropdowns-show-dropdownMenu1"/>
    <testcase classname="document" name=" ›› dropdowns-show-dropdownMenu2"/>
    <testcase classname="document" name=" ›› dropdowns-show-dropdownKebab"/>
    <testcase classname="document" name=" ›› dropdowns-show-dropdownKebabRight"/>
    <testcase classname="document" name=" ›› dropdowns-show-dropupKebab"/>
    <testcase classname="document" name=" ›› dropdowns-show-dropupKebabRight1"/>
    <testcase classname="body" name=" ›› dropdowns-show-dropdownKebabGroup"/>
    <testcase classname="body" name=" ›› dropdowns-show-dropdownKebabGroupRight"/>
    <testcase classname="document" name=" ›› filter"/>
    <testcase classname="#input-filters" name=" ›› filter-input"/>
    <testcase classname="#select-filters" name=" ›› filter-select-dropdown1"/>
    <testcase classname="#select-filters" name=" ›› filter-select-dropdown2"/>
    <testcase classname="#category-filters" name=" ›› filter-category-dropdown1"/>
    <testcase classname="#category-filters" name=" ›› filter-category-dropdown2"/>
    <testcase classname="#category-filters" name=" ›› filter-category-dropdown3"/>
    <testcase classname="document" name=" ›› form"/>
    <testcase classname="document" name=" ›› forms"/>
    <testcase classname="document" name=" ›› hint-block"/>
    <testcase classname="document" name=" ›› horizontal-navigation"/>
    <testcase classname="document" name=" ›› icons"/>
    <testcase classname="document" name=" ›› info-tip"/>
    <testcase classname="document" name=" ›› inline-edit-form"/>
    <testcase classname="document" name=" ›› inline-edit-form-edit-name"/>
    <testcase classname="document" name=" ›› inline-edit-form-edit-gender"/>
    <testcase classname="document" name=" ›› inline-edit-form-edit-depart"/>
    <testcase classname="body" name=" ›› inline-edit-form-edit-hiredate"/>
    <testcase classname="document" name=" ›› inline-edit-form-edit-interests"/>
    <testcase classname="document" name=" ›› inline-edit-form-edit-profile"/>
    <testcase classname="document" name=" ›› inline-edit-list-view"/>
    <testcase classname="document" name=" ›› inline-edit-list-view-edit-item"/>
    <testcase classname="document" name=" ›› inline-edit-list-view-create-item"/>
    <testcase classname="document" name=" ›› labels"/>
    <testcase classname="document" name=" ›› line-charts"/>
    <testcase classname="document" name=" ›› list-group"/>
    <testcase classname="document" name=" ›› list-view-compound-expansion"/>
    <testcase classname="document" name=" ›› list-view-rows"/>
    <testcase classname="document" name=" ›› list-view-simple-expansion"/>
    <testcase classname="document" name=" ›› list-view"/>
    <testcase classname=".list-pf" name=" ›› list"/>
    <testcase classname=".list-pf.__n1" name=" ›› list"/>
    <testcase classname=".list-pf.__n2" name=" ›› list"/>
    <testcase classname=".list-pf.__n3" name=" ›› list"/>
    <testcase classname=".list-pf.__n4" name=" ›› list"/>
    <testcase classname=".list-pf.__n5" name=" ›› list"/>
    <testcase classname="document" name=" ›› loading-state"/>
    <testcase classname="document" name=" ›› login"/>
    <testcase classname="document" name=" ›› message-dialogs"/>
    <testcase classname="body" name=" ›› message-dialog-non-destructive"/>
    <testcase classname="body" name=" ›› message-dialog-error"/>
    <testcase classname="body" name=" ›› message-dialog-delete"/>
    <testcase classname="body" name=" ›› message-dialog-warning"/>
    <testcase classname="body" name=" ›› message-dialog-question"/>
    <testcase classname="body" name=" ›› message-dialog"/>
    <testcase classname="body" name=" ›› message-dialog-success"/>
    <testcase classname="document" name=" ›› modals"/>
    <testcase classname="body" name=" ›› modals-show-modal"/>
    <testcase classname="document" name=" ›› navbar"/>
    <testcase classname=".container" name=" ›› navbar-primary-utility-menu1"/>
    <testcase classname=".container" name=" ›› navbar-primary-utility-menu2"/>
    <testcase classname=".container" name=" ›› navbar-context-selector"/>
    <testcase classname=".container" name=" ›› navbar-multi-level-menu-without-submenu"/>
    <testcase classname=".container" name=" ›› navbar-multi-level-menu-submenu"/>
    <testcase classname=".container" name=" ›› navbar-multi-level-menu-dropup-submenu"/>
    <testcase classname=".container" name=" ›› navbar-multi-level-menu-pull-left-submenu"/>
    <testcase classname=".container" name=" ›› navbar-multi-level-menu-submenu-default-selected"/>
    <testcase classname=".container" name=" ›› navbar-tertiary-menu"/>
    <testcase classname=".container" name=" ›› navbar-tertiary-menu-submenu"/>
    <testcase classname=".container" name=" ›› navbar-tertiary-menu-submenu-default-selected"/>
    <testcase classname="document" name=" ›› notification-drawer-horiztonal-nav"/>
    <testcase classname="document" name=" ›› notification-drawer-vertical-nav"/>
    <testcase classname="document" name=" ›› pagination-card-view"/>
    <testcase classname="document" name=" ›› pagination-list-view"/>
    <testcase classname="document" name=" ›› pagination-table-view"/>
    <testcase classname="document" name=" ›› pagination"/>
    <testcase classname="document" name=" ›› panels"/>
    <testcase classname="document" name=" ›› pie-charts"/>
    <testcase classname="document" name=" ›› popovers"/>
    <testcase classname="#popover-right-title-close" name=" ›› popovers-right-title-close"/>
    <testcase classname="#popover-right-close" name=" ›› popovers-right-close"/>
    <testcase classname="#popover-right-title" name=" ›› popovers-right-title"/>
    <testcase classname="#popover-right" name=" ›› popovers-right"/>
    <testcase classname="#popover-left-title-close" name=" ›› popovers-left-title-close"/>
    <testcase classname="#popover-left-close" name=" ›› popovers-left-close"/>
    <testcase classname="#popover-left-title" name=" ›› popovers-left-title"/>
    <testcase classname="#popover-left" name=" ›› popovers-left"/>
    <testcase classname="#popover-top-title-close" name=" ›› popovers-top-title-close"/>
    <testcase classname="#popover-top-close" name=" ›› popovers-top-close"/>
    <testcase classname="#popover-top-title" name=" ›› popovers-top-title"/>
    <testcase classname="#popover-top" name=" ›› popovers-top"/>
    <testcase classname="#popover-bottom-title-close" name=" ›› popovers-bottom-title-close"/>
    <testcase classname="#popover-bottom-close" name=" ›› popovers-bottom-close"/>
    <testcase classname="#popover-bottom-title" name=" ›› popovers-bottom-title"/>
    <testcase classname="#popover-bottom" name=" ›› popovers-bottom"/>
    <testcase classname=".form-horizontal" name=" ›› popovers-field-level-help"/>
    <testcase classname="document" name=" ›› search"/>
    <testcase classname="document" name=" ›› tab"/>
    <testcase classname="document" name=" ›› table-view-columns"/>
    <testcase classname="document" name=" ›› table-view-navbar"/>
    <testcase classname="document" name=" ›› table-view"/>
    <testcase classname="document" name=" ›› tables"/>
    <testcase classname="document" name=" ›› tabs"/>
    <testcase classname="#tabs-with-dropdown-wrapper" name=" ›› tabs-with-dropdown"/>
    <testcase classname="#tabs-pf-with-dropdown-wrapper" name=" ›› tabs-pf-with-dropdown"/>
    <testcase classname="document" name=" ›› time-picker"/>
    <testcase classname="document" name=" ›› time-picker-show-picker"/>
    <testcase classname=".toast-notifications-list-pf" name=" ›› toasts"/>
    <testcase classname="document" name=" ›› toolbar"/>
    <testcase classname="document" name=" ›› toolbar-input-filter-button"/>
    <testcase classname="document" name=" ›› toolbar-filter-button"/>
    <testcase classname="document" name=" ›› toolbar-dropdownKebab"/>
    <testcase classname="document" name=" ›› toolbar-find-button"/>
    <testcase classname="document" name=" ›› tooltip"/>
    <testcase classname="document" name=" ›› tooltip-default-tooltip"/>
    <testcase classname="document" name=" ›› tooltip-on-left"/>
    <testcase classname="document" name=" ›› tooltip-on-top"/>
    <testcase classname="document" name=" ›› tooltip-on-bottom"/>
    <testcase classname="document" name=" ›› tooltip-on-right"/>
    <testcase classname="document" name=" ›› tree-list-view-single-child-expansion"/>
    <testcase classname="document" name=" ›› tree-list-view-single-child-expansion-expand-all"/>
    <testcase classname="document" name=" ›› tree-list-view-multiple-child-expansion"/>
    <testcase classname="document" name=" ›› tree-list-view-multiple-child-expansion-expand-all"/>
    <testcase classname="document" name=" ›› tree-view"/>
    <testcase classname="document" name=" ›› typography"/>
    <testcase classname="document" name=" ›› typography-2"/>
    <testcase classname="document" name=" ›› utilization-bar-charts"/>
    <testcase classname="document" name=" ›› vertical-navigation-primary-only"/>
    <testcase classname="document" name=" ›› vertical-navigation-with-badges"/>
    <testcase classname="document" name=" ›› vertical-navigation-with-secondary"/>
    <testcase classname="document" name=" ›› vertical-navigation-with-tertiary-no-icons"/>
    <testcase classname="document" name=" ›› vertical-navigation-with-tertiary-pins"/>
    <testcase classname="document" name=" ›› wizard"/>
    <testcase classname="body" name=" ›› wizard-first-step"/>
    <testcase classname="body" name=" ›› wizard-initializing"/>
    <testcase classname="body" name=" ›› wizard-last-step"/>
  </testsuite>
</testsuites>